c:\users\alen\desktop\sdl_monopoly\monopolygame\monopolygame\debug\vc142.pdb
c:\users\alen\desktop\sdl_monopoly\monopolygame\monopolygame\debug\vc142.idb
c:\users\alen\desktop\sdl_monopoly\monopolygame\monopolygame\debug\uilabel.obj
c:\users\alen\desktop\sdl_monopoly\monopolygame\monopolygame\debug\tile.obj
c:\users\alen\desktop\sdl_monopoly\monopolygame\monopolygame\debug\texturemaker.obj
c:\users\alen\desktop\sdl_monopoly\monopolygame\monopolygame\debug\textbox.obj
c:\users\alen\desktop\sdl_monopoly\monopolygame\monopolygame\debug\stationproperty.obj
c:\users\alen\desktop\sdl_monopoly\monopolygame\monopolygame\debug\startupstate.obj
c:\users\alen\desktop\sdl_monopoly\monopolygame\monopolygame\debug\sprite.obj
c:\users\alen\desktop\sdl_monopoly\monopolygame\monopolygame\debug\prompt.obj
c:\users\alen\desktop\sdl_monopoly\monopolygame\monopolygame\debug\player.obj
c:\users\alen\desktop\sdl_monopoly\monopolygame\monopolygame\debug\page.obj
c:\users\alen\desktop\sdl_monopoly\monopolygame\monopolygame\debug\menu.obj
c:\users\alen\desktop\sdl_monopoly\monopolygame\monopolygame\debug\main.obj
c:\users\alen\desktop\sdl_monopoly\monopolygame\monopolygame\debug\houseproperty.obj
c:\users\alen\desktop\sdl_monopoly\monopolygame\monopolygame\debug\gamestatemanager.obj
c:\users\alen\desktop\sdl_monopoly\monopolygame\monopolygame\debug\game.obj
c:\users\alen\desktop\sdl_monopoly\monopolygame\monopolygame\debug\dice.obj
c:\users\alen\desktop\sdl_monopoly\monopolygame\monopolygame\debug\corner.obj
c:\users\alen\desktop\sdl_monopoly\monopolygame\monopolygame\debug\commandtile.obj
c:\users\alen\desktop\sdl_monopoly\monopolygame\monopolygame\debug\button.obj
c:\users\alen\desktop\sdl_monopoly\monopolygame\monopolygame\debug\abstractproperty.obj
c:\users\alen\desktop\sdl_monopoly\monopolygame\monopolygame\debug\utilityproperty.obj
c:\users\alen\desktop\sdl_monopoly\monopolygame\monopolygame\debug\useranimator.obj
c:\users\alen\desktop\sdl_monopoly\monopolygame\monopolygame\debug\monopolygame.exe
c:\users\alen\desktop\sdl_monopoly\monopolygame\monopolygame\debug\monopolygame.ilk
c:\users\alen\desktop\sdl_monopoly\monopolygame\monopolygame\debug\monopolygame.pdb
c:\users\alen\desktop\sdl_monopoly\monopolygame\monopolygame\debug\monopolygame.tlog\cl.command.1.tlog
c:\users\alen\desktop\sdl_monopoly\monopolygame\monopolygame\debug\monopolygame.tlog\cl.read.1.tlog
c:\users\alen\desktop\sdl_monopoly\monopolygame\monopolygame\debug\monopolygame.tlog\cl.write.1.tlog
c:\users\alen\desktop\sdl_monopoly\monopolygame\monopolygame\debug\monopolygame.tlog\link.command.1.tlog
c:\users\alen\desktop\sdl_monopoly\monopolygame\monopolygame\debug\monopolygame.tlog\link.read.1.tlog
c:\users\alen\desktop\sdl_monopoly\monopolygame\monopolygame\debug\monopolygame.tlog\link.write.1.tlog
