  AbstractProperty.cpp
  Button.cpp
  CommandTile.cpp
  Corner.cpp
  Dice.cpp
  Game.cpp
  GameStateManager.cpp
  HouseProperty.cpp
  main.cpp
  Menu.cpp
  Page.cpp
  Player.cpp
  Prompt.cpp
  Sprite.cpp
  StartUpState.cpp
  StationProperty.cpp
C:\Users\Alen\Desktop\SDL_Monopoly\MonopolyGame\MonopolyGame\src\StationProperty.cpp(35,8): warning C4101: 'answer': unreferenced local variable
C:\Users\Alen\Desktop\SDL_Monopoly\MonopolyGame\MonopolyGame\src\StationProperty.cpp(65,11): warning C4129: '(': unrecognized character escape sequence
  TextBox.cpp
  TextureMaker.cpp
  Tile.cpp
  UILabel.cpp
  Generating Code...
  Compiling...
  UserAnimator.cpp
  UtilityProperty.cpp
C:\Users\Alen\Desktop\SDL_Monopoly\MonopolyGame\MonopolyGame\src\UtilityProperty.cpp(19,11): warning C4129: '(': unrecognized character escape sequence
  Generating Code...
  MonopolyGame.vcxproj -> C:\Users\Alen\Desktop\SDL_Monopoly\MonopolyGame\MonopolyGame\Debug\MonopolyGame.exe
