c:\users\alen\desktop\sdl_monopoly\monopolygame\monopolygame\release\vc142.pdb
c:\users\alen\desktop\sdl_monopoly\monopolygame\monopolygame\release\uilabel.obj
c:\users\alen\desktop\sdl_monopoly\monopolygame\monopolygame\release\tile.obj
c:\users\alen\desktop\sdl_monopoly\monopolygame\monopolygame\release\texturemaker.obj
c:\users\alen\desktop\sdl_monopoly\monopolygame\monopolygame\release\textbox.obj
c:\users\alen\desktop\sdl_monopoly\monopolygame\monopolygame\release\stationproperty.obj
c:\users\alen\desktop\sdl_monopoly\monopolygame\monopolygame\release\startupstate.obj
c:\users\alen\desktop\sdl_monopoly\monopolygame\monopolygame\release\sprite.obj
c:\users\alen\desktop\sdl_monopoly\monopolygame\monopolygame\release\prompt.obj
c:\users\alen\desktop\sdl_monopoly\monopolygame\monopolygame\release\player.obj
c:\users\alen\desktop\sdl_monopoly\monopolygame\monopolygame\release\page.obj
c:\users\alen\desktop\sdl_monopoly\monopolygame\monopolygame\release\menu.obj
c:\users\alen\desktop\sdl_monopoly\monopolygame\monopolygame\release\main.obj
c:\users\alen\desktop\sdl_monopoly\monopolygame\monopolygame\release\houseproperty.obj
c:\users\alen\desktop\sdl_monopoly\monopolygame\monopolygame\release\gamestatemanager.obj
c:\users\alen\desktop\sdl_monopoly\monopolygame\monopolygame\release\game.obj
c:\users\alen\desktop\sdl_monopoly\monopolygame\monopolygame\release\dice.obj
c:\users\alen\desktop\sdl_monopoly\monopolygame\monopolygame\release\corner.obj
c:\users\alen\desktop\sdl_monopoly\monopolygame\monopolygame\release\commandtile.obj
c:\users\alen\desktop\sdl_monopoly\monopolygame\monopolygame\release\button.obj
c:\users\alen\desktop\sdl_monopoly\monopolygame\monopolygame\release\abstractproperty.obj
c:\users\alen\desktop\sdl_monopoly\monopolygame\monopolygame\release\utilityproperty.obj
c:\users\alen\desktop\sdl_monopoly\monopolygame\monopolygame\release\useranimator.obj
c:\users\alen\desktop\sdl_monopoly\monopolygame\monopolygame\release\monopolygame.exe
c:\users\alen\desktop\sdl_monopoly\monopolygame\monopolygame\release\monopolygame.pdb
c:\users\alen\desktop\sdl_monopoly\monopolygame\monopolygame\release\monopolygame.ipdb
c:\users\alen\desktop\sdl_monopoly\monopolygame\monopolygame\release\monopolygame.iobj
c:\users\alen\desktop\sdl_monopoly\monopolygame\monopolygame\release\monopolygame.tlog\cl.command.1.tlog
c:\users\alen\desktop\sdl_monopoly\monopolygame\monopolygame\release\monopolygame.tlog\cl.read.1.tlog
c:\users\alen\desktop\sdl_monopoly\monopolygame\monopolygame\release\monopolygame.tlog\cl.write.1.tlog
c:\users\alen\desktop\sdl_monopoly\monopolygame\monopolygame\release\monopolygame.tlog\link.command.1.tlog
c:\users\alen\desktop\sdl_monopoly\monopolygame\monopolygame\release\monopolygame.tlog\link.delete.1.tlog
c:\users\alen\desktop\sdl_monopoly\monopolygame\monopolygame\release\monopolygame.tlog\link.read.1.tlog
c:\users\alen\desktop\sdl_monopoly\monopolygame\monopolygame\release\monopolygame.tlog\link.write.1.tlog
c:\users\alen\desktop\sdl_monopoly\monopolygame\monopolygame\release\monopolygame.tlog\monopolygame.write.1u.tlog
